2023-06-12 09:38:27.904 +03:00  INF  User profile is available. Using 'C:\Users\lenovo\AppData\Local\ASP.NET\DataProtection-Keys' as key repository and Windows DPAPI to encrypt keys at rest.
2023-06-12 09:38:28.109 +03:00  INF  Application started. Press Ctrl+C to shut down.
2023-06-12 09:38:28.109 +03:00  INF  Hosting environment: Development
2023-06-12 09:38:28.109 +03:00  INF  Content root path: C:\Desktop\workspace1\Cooking_School_ASP.NET\Cooking_School
2023-06-12 09:38:28.135 +03:00  INF  Request starting HTTP/2 GET https://localhost:44359/swagger/index.html - -
2023-06-12 09:38:28.466 +03:00  INF  Request finished HTTP/2 GET https://localhost:44359/swagger/index.html - - - 200 - text/html;charset=utf-8 331.6349ms
2023-06-12 09:38:28.469 +03:00  INF  Request starting HTTP/2 GET https://localhost:44359/_framework/aspnetcore-browser-refresh.js - -
2023-06-12 09:38:28.476 +03:00  INF  Request finished HTTP/2 GET https://localhost:44359/_framework/aspnetcore-browser-refresh.js - - - 200 11998 application/javascript;+charset=utf-8 3.3457ms
2023-06-12 09:38:28.626 +03:00  INF  Request starting HTTP/2 GET https://localhost:44359/_vs/browserLink - -
2023-06-12 09:38:28.679 +03:00  INF  Request finished HTTP/2 GET https://localhost:44359/_vs/browserLink - - - 200 - text/javascript;+charset=UTF-8 52.3698ms
2023-06-12 09:38:29.120 +03:00  INF  Request starting HTTP/2 GET https://localhost:44359/swagger/v1/swagger.json - -
2023-06-12 09:38:29.271 +03:00  INF  Request finished HTTP/2 GET https://localhost:44359/swagger/v1/swagger.json - - - 200 - application/json;charset=utf-8 151.3210ms
2023-06-12 09:38:34.503 +03:00  INF  Request starting HTTP/2 POST https://localhost:44359/api/admins/login application/json-patch+json 37
2023-06-12 09:38:34.508 +03:00  INF  CORS policy execution successful.
2023-06-12 09:38:34.594 +03:00  INF  Executing endpoint 'Cooking_School.Controllers.AdminController.Login (Cooking_School)'
2023-06-12 09:38:34.610 +03:00  INF  Route matched with {action = "Login", controller = "Admin"}. Executing controller action with signature System.Threading.Tasks.Task`1[Microsoft.AspNetCore.Mvc.IActionResult] Login(Cooking_School.Dtos.UserDto.UserLoginDto) on controller Cooking_School.Controllers.AdminController (Cooking_School).
2023-06-12 09:38:34.747 +03:00  INF  Login Attempt for adminLoginDto 
2023-06-12 09:38:35.339 +03:00  WRN  The foreign key property 'Favorite_Chef.ChefId1' was created in shadow state because a conflicting property with the simple name 'ChefId' exists in the entity type, but is either not mapped, is already used for another relationship, or is incompatible with the associated primary key type. See https://aka.ms/efcore-relationships for information on mapping relationships in EF Core.
2023-06-12 09:38:35.370 +03:00  WRN  No store type was specified for the decimal property 'Salary' on entity type 'Chef'. This will cause values to be silently truncated if they do not fit in the default precision and scale. Explicitly specify the SQL server column type that can accommodate all the values in 'OnModelCreating' using 'HasColumnType', specify precision and scale using 'HasPrecision', or configure a value converter using 'HasConversion'.
2023-06-12 09:38:35.370 +03:00  WRN  No store type was specified for the decimal property 'Price' on entity type 'Course'. This will cause values to be silently truncated if they do not fit in the default precision and scale. Explicitly specify the SQL server column type that can accommodate all the values in 'OnModelCreating' using 'HasColumnType', specify precision and scale using 'HasPrecision', or configure a value converter using 'HasConversion'.
2023-06-12 09:38:35.371 +03:00  WRN  No store type was specified for the decimal property 'Evalution' on entity type 'ProjectTrainee'. This will cause values to be silently truncated if they do not fit in the default precision and scale. Explicitly specify the SQL server column type that can accommodate all the values in 'OnModelCreating' using 'HasColumnType', specify precision and scale using 'HasPrecision', or configure a value converter using 'HasConversion'.
2023-06-12 09:38:36.092 +03:00  INF  Executed DbCommand (37ms) [Parameters=[@__userLoginDto_Id_0='?' (DbType = Int32)], CommandType='"Text"', CommandTimeout='30']
SELECT TOP(1) [u].[Id], [u].[Address], [u].[BirthDate], [u].[Created], [u].[Deleted], [u].[Discriminator], [u].[Email], [u].[FirstName], [u].[LastName], [u].[PasswordHashed], [u].[PasswordSlot], [u].[PhoneNumber], [u].[Updated], [u].[CvPath], [u].[FavoriteN], [u].[Salary], [u].[CardN], [u].[ImagePath], [u].[Level]
FROM [Users] AS [u]
WHERE @__userLoginDto_Id_0 = [u].[Id]
2023-06-12 09:38:36.112 +03:00  INF  Executing BadRequestObjectResult, writing value of type 'System.String'.
2023-06-12 09:38:36.119 +03:00  INF  Executed action Cooking_School.Controllers.AdminController.Login (Cooking_School) in 1504.4557ms
2023-06-12 09:38:36.120 +03:00  INF  Executed endpoint 'Cooking_School.Controllers.AdminController.Login (Cooking_School)'
2023-06-12 09:38:36.127 +03:00  INF  Request finished HTTP/2 POST https://localhost:44359/api/admins/login application/json-patch+json 37 - 400 - text/plain;+charset=utf-8 1624.0541ms
