2023-06-12 09:27:03.247 +03:00  INF  User profile is available. Using 'C:\Users\lenovo\AppData\Local\ASP.NET\DataProtection-Keys' as key repository and Windows DPAPI to encrypt keys at rest.
2023-06-12 09:27:03.555 +03:00  INF  Application started. Press Ctrl+C to shut down.
2023-06-12 09:27:03.555 +03:00  INF  Hosting environment: Development
2023-06-12 09:27:03.555 +03:00  INF  Content root path: C:\Desktop\workspace1\Cooking_School_ASP.NET\Cooking_School
2023-06-12 09:27:03.603 +03:00  INF  Request starting HTTP/2 GET https://localhost:44359/swagger/index.html - -
2023-06-12 09:27:04.038 +03:00  INF  Request starting HTTP/2 GET https://localhost:44359/_framework/aspnetcore-browser-refresh.js - -
2023-06-12 09:27:04.042 +03:00  INF  Request finished HTTP/2 GET https://localhost:44359/swagger/index.html - - - 200 - text/html;charset=utf-8 438.9353ms
2023-06-12 09:27:04.047 +03:00  INF  Request finished HTTP/2 GET https://localhost:44359/_framework/aspnetcore-browser-refresh.js - - - 200 11998 application/javascript;+charset=utf-8 4.1934ms
2023-06-12 09:27:04.244 +03:00  INF  Request starting HTTP/2 GET https://localhost:44359/_vs/browserLink - -
2023-06-12 09:27:04.339 +03:00  INF  Request finished HTTP/2 GET https://localhost:44359/_vs/browserLink - - - 200 - text/javascript;+charset=UTF-8 95.5487ms
2023-06-12 09:27:04.692 +03:00  INF  Request starting HTTP/2 GET https://localhost:44359/swagger/v1/swagger.json - -
2023-06-12 09:27:04.880 +03:00  INF  Request finished HTTP/2 GET https://localhost:44359/swagger/v1/swagger.json - - - 200 - application/json;charset=utf-8 187.7683ms
2023-06-12 09:29:18.456 +03:00  INF  User profile is available. Using 'C:\Users\lenovo\AppData\Local\ASP.NET\DataProtection-Keys' as key repository and Windows DPAPI to encrypt keys at rest.
2023-06-12 09:29:18.652 +03:00  INF  Application started. Press Ctrl+C to shut down.
2023-06-12 09:29:18.653 +03:00  INF  Hosting environment: Development
2023-06-12 09:29:18.653 +03:00  INF  Content root path: C:\Desktop\workspace1\Cooking_School_ASP.NET\Cooking_School
2023-06-12 09:29:18.676 +03:00  INF  Request starting HTTP/2 GET https://localhost:44359/swagger/index.html - -
2023-06-12 09:29:19.003 +03:00  INF  Request starting HTTP/2 GET https://localhost:44359/_framework/aspnetcore-browser-refresh.js - -
2023-06-12 09:29:19.005 +03:00  INF  Request finished HTTP/2 GET https://localhost:44359/swagger/index.html - - - 200 - text/html;charset=utf-8 329.4143ms
2023-06-12 09:29:19.012 +03:00  INF  Request finished HTTP/2 GET https://localhost:44359/_framework/aspnetcore-browser-refresh.js - - - 200 11998 application/javascript;+charset=utf-8 4.3038ms
2023-06-12 09:29:19.151 +03:00  INF  Request starting HTTP/2 GET https://localhost:44359/_vs/browserLink - -
2023-06-12 09:29:19.215 +03:00  INF  Request finished HTTP/2 GET https://localhost:44359/_vs/browserLink - - - 200 - text/javascript;+charset=UTF-8 63.3236ms
2023-06-12 09:29:19.589 +03:00  INF  Request starting HTTP/2 GET https://localhost:44359/swagger/v1/swagger.json - -
2023-06-12 09:29:19.737 +03:00  INF  Request finished HTTP/2 GET https://localhost:44359/swagger/v1/swagger.json - - - 200 - application/json;charset=utf-8 148.6379ms
2023-06-12 09:30:10.653 +03:00  INF  User profile is available. Using 'C:\Users\lenovo\AppData\Local\ASP.NET\DataProtection-Keys' as key repository and Windows DPAPI to encrypt keys at rest.
2023-06-12 09:30:10.837 +03:00  INF  Application started. Press Ctrl+C to shut down.
2023-06-12 09:30:10.837 +03:00  INF  Hosting environment: Development
2023-06-12 09:30:10.862 +03:00  INF  Content root path: C:\Desktop\workspace1\Cooking_School_ASP.NET\Cooking_School
2023-06-12 09:30:10.882 +03:00  INF  Request starting HTTP/2 GET https://localhost:44359/swagger/index.html - -
2023-06-12 09:30:11.159 +03:00  INF  Request finished HTTP/2 GET https://localhost:44359/swagger/index.html - - - 200 - text/html;charset=utf-8 277.9128ms
2023-06-12 09:30:11.159 +03:00  INF  Request starting HTTP/2 GET https://localhost:44359/_framework/aspnetcore-browser-refresh.js - -
2023-06-12 09:30:11.167 +03:00  INF  Request finished HTTP/2 GET https://localhost:44359/_framework/aspnetcore-browser-refresh.js - - - 200 11998 application/javascript;+charset=utf-8 3.2517ms
2023-06-12 09:30:11.314 +03:00  INF  Request starting HTTP/2 GET https://localhost:44359/_vs/browserLink - -
2023-06-12 09:30:11.365 +03:00  INF  Request finished HTTP/2 GET https://localhost:44359/_vs/browserLink - - - 200 - text/javascript;+charset=UTF-8 51.0372ms
2023-06-12 09:30:11.703 +03:00  INF  Request starting HTTP/2 GET https://localhost:44359/swagger/v1/swagger.json - -
2023-06-12 09:30:11.902 +03:00  INF  Request finished HTTP/2 GET https://localhost:44359/swagger/v1/swagger.json - - - 200 - application/json;charset=utf-8 199.1050ms
